SF:lib\controllers\article_controller.dart
DA:10,1
DA:12,1
DA:13,5
LF:3
LH:3
end_of_record
SF:lib\models\article_model.dart
DA:12,4
DA:23,1
DA:26,3
DA:28,2
DA:29,2
DA:30,1
DA:31,3
DA:32,3
DA:33,3
DA:39,1
DA:40,1
DA:41,1
DA:42,1
DA:43,1
DA:44,1
DA:45,1
LF:16
LH:16
end_of_record
SF:lib\services\article_service.dart
DA:10,1
DA:13,3
DA:15,2
DA:18,2
DA:19,2
DA:20,3
DA:21,1
DA:23,2
DA:24,0
DA:26,3
DA:28,1
DA:29,0
DA:31,1
LF:13
LH:11
end_of_record
SF:lib\widgets\loading_widget.dart
DA:6,1
DA:8,1
DA:9,1
DA:10,1
LF:4
LH:4
end_of_record
SF:lib\views\article_detail.dart
DA:6,2
DA:10,1
DA:12,1
DA:13,1
DA:16,1
DA:17,1
DA:18,1
DA:20,1
DA:21,2
DA:25,2
DA:26,4
DA:27,1
DA:28,1
DA:30,3
DA:35,1
DA:37,1
DA:39,1
DA:40,1
DA:41,2
DA:46,1
DA:47,1
DA:53,1
DA:54,2
LF:23
LH:23
end_of_record
SF:lib\views\article_item.dart
DA:8,2
DA:12,1
DA:14,3
DA:16,1
DA:17,1
DA:18,1
DA:19,1
DA:20,1
DA:22,3
DA:24,1
DA:25,1
DA:27,1
DA:30,1
DA:31,1
DA:32,2
DA:37,1
DA:39,1
DA:40,1
DA:41,2
DA:48,1
DA:50,1
DA:51,1
DA:52,1
DA:53,2
DA:60,1
DA:61,1
DA:62,1
DA:71,1
DA:72,2
DA:86,1
DA:87,0
DA:88,0
DA:89,0
DA:90,0
DA:91,0
LF:35
LH:30
end_of_record
